Vinculación terminada sin errores
No se han detectado errores de tipos
Procesado asignación de espacio
Procesado etiquetado
Generado código de máquina-p:
000 apilaInt(0)
001 apilaInt(1)
002 desapilaind
003 apilaInt(0)
004 apilaind
005 apilaInt(50)
006 menornum
007 irf(54)
008 apilaInt(0)
009 apilaind
010 apilaInt(3)
011 modulo
012 apilaInt(0)
013 igualnum
014 not
015 apilaInt(0)
016 apilaind
017 apilaInt(5)
018 modulo
019 apilaInt(0)
020 igualnum
021 not
022 and
023 irf(27)
024 apilaInt(0)
025 apilaind
026 writeint
027 apilaInt(0)
028 apilaind
029 apilaInt(3)
030 modulo
031 apilaInt(0)
032 igualnum
033 irf(36)
034 apilaString("Fizz")
035 writestring
036 apilaInt(0)
037 apilaind
038 apilaInt(5)
039 modulo
040 apilaInt(0)
041 igualnum
042 irf(45)
043 apilaString("Buzz")
044 writestring
045 apilaString("\n")
046 writestring
047 apilaInt(0)
048 apilaInt(0)
049 apilaind
050 apilaInt(1)
051 suma
052 desapilaind
053 ira(3)
054 stop
-------------------------
Ejecutando en máquina-p
1
2
Fizz
4
Buzz
Fizz
7
8
Fizz
Buzz
11
Fizz
13
14
FizzBuzz
16
17
Fizz
19
Buzz
Fizz
22
23
Fizz
Buzz
26
Fizz
28
29
FizzBuzz
31
32
Fizz
34
Buzz
Fizz
37
38
Fizz
Buzz
41
Fizz
43
44
FizzBuzz
46
47
Fizz
49
Estado final:
Tam datos:1
Tam heap:20
PP:1
Displays:
Pila de evaluacion
Datos
 0:50
 1:null
 2:null
 3:null
 4:null
 5:null
 6:null
 7:null
 8:null
 9:null
 10:null
 11:null
 12:null
 13:null
 14:null
 15:null
 16:null
 17:null
 18:null
 19:null
 20:null
 21:null
 22:null
 23:null
 24:null
 25:null
 26:null
 27:null
 28:null
 29:null
 30:null
 31:null
 32:null
 33:null
 34:null
 35:null
 36:null
 37:null
 38:null
 39:null
 40:null
PC:55
